<?xml version="1.0" encoding="UTF-8"?>
<testng-results skipped="0" failed="0" ignored="0" total="1" passed="1">
  <reporter-output>
  </reporter-output>
  <suite name="Default suite" duration-ms="23973" started-at="2022-12-17T20:29:30Z" finished-at="2022-12-17T20:29:54Z">
    <groups>
      <group name="cucumber">
        <method signature="AbstractTestNGCucumberTests.runScenario(io.cucumber.testng.PickleWrapper, io.cucumber.testng.FeatureWrapper)[pri:0, instance:Luma.us.runner.MyRunner@139982de]" name="runScenario" class="io.cucumber.testng.AbstractTestNGCucumberTests"/>
      </group> <!-- cucumber -->
    </groups>
    <test name="Default test" duration-ms="23973" started-at="2022-12-17T20:29:30Z" finished-at="2022-12-17T20:29:54Z">
      <class name="Luma.us.runner.MyRunner">
        <test-method status="PASS" signature="setUpClass()[pri:0, instance:Luma.us.runner.MyRunner@139982de]" name="setUpClass" is-config="true" duration-ms="243" started-at="2022-12-17T20:29:30Z" finished-at="2022-12-17T20:29:30Z">
          <reporter-output>
          </reporter-output>
        </test-method> <!-- setUpClass -->
        <test-method status="PASS" signature="runScenario(io.cucumber.testng.PickleWrapper, io.cucumber.testng.FeatureWrapper)[pri:0, instance:Luma.us.runner.MyRunner@139982de]" name="runScenario" duration-ms="23570" started-at="2022-12-17T20:29:30Z" description="Runs Cucumber Scenarios" data-provider="scenarios" finished-at="2022-12-17T20:29:54Z">
          <params>
            <param index="0">
              <value>
                <![CDATA["User can login to the application with valid credentials and purchase the specific men's jacket."]]>
              </value>
            </param>
            <param index="1">
              <value>
                <![CDATA["Optional[valid user can purchase the men jacket.]"]]>
              </value>
            </param>
          </params>
          <reporter-output>
          </reporter-output>
        </test-method> <!-- runScenario -->
        <test-method status="PASS" signature="tearDownClass()[pri:0, instance:Luma.us.runner.MyRunner@139982de]" name="tearDownClass" is-config="true" duration-ms="145" started-at="2022-12-17T20:29:54Z" finished-at="2022-12-17T20:29:54Z">
          <reporter-output>
          </reporter-output>
        </test-method> <!-- tearDownClass -->
      </class> <!-- Luma.us.runner.MyRunner -->
    </test> <!-- Default test -->
  </suite> <!-- Default suite -->
</testng-results>
